<?xml version="1.0" encoding="UTF-8"?>
<!-- Generated by org.testng.reporters.JUnitReportReporter -->
<testsuite hostname="TEO-Haider1" failures="0" tests="1" name="Tests.LoginTests" time="47.151" errors="0" timestamp="2020-11-25T21:40:53 PKT" skipped="0">
  <testcase classname="Tests.LoginTests" name="LoginWithNormalUser" time="47.151"/>
  <system-out/>
</testsuite> <!-- Tests.LoginTests -->
