<?xml version="1.0" encoding="UTF-8"?>
<!-- Generated by org.testng.reporters.JUnitReportReporter -->
<testsuite hostname="TEO-Haider1" failures="0" tests="2" name="Tests.HomeMapScreenTests" time="80.860" errors="0" timestamp="2020-11-25T21:40:53 PKT" skipped="0">
  <testcase classname="Tests.HomeMapScreenTests" name="VerifyDenySystemLocationAccessTest" time="40.155"/>
  <system-out/>
  <testcase classname="Tests.HomeMapScreenTests" name="VerifyFullScreenCloseTest" time="40.705"/>
  <system-out/>
</testsuite> <!-- Tests.HomeMapScreenTests -->
