<?xml version="1.0" encoding="UTF-8"?>
<!-- Generated by org.testng.reporters.JUnitReportReporter -->
<testsuite hostname="TEO-Haider1" failures="0" tests="2" name="Tests.WelcomeScreenTests" time="65.975" errors="0" timestamp="2020-11-25T21:40:53 PKT" skipped="0">
  <testcase classname="Tests.WelcomeScreenTests" name="VerifyGetStartedBtnTest" time="34.166"/>
  <system-out/>
  <testcase classname="Tests.WelcomeScreenTests" name="VerifyLoginAsAnonymousUserBtnTest" time="31.809"/>
  <system-out/>
</testsuite> <!-- Tests.WelcomeScreenTests -->
